<?xml version="1.0" encoding="UTF-8"?>
<!-- Generated by org.testng.reporters.JUnitReportReporter -->
<testsuite hostname="DESKTOP-5TN5CVM" failures="0" tests="10" name="AlMosaferAutomationTesting.AlMosaferAutomationTesting.AppTest" time="12.938" errors="0" timestamp="2025-05-05T12:46:31 EET" skipped="1">
  <testcase classname="AlMosaferAutomationTesting.AlMosaferAutomationTesting.AppTest" name="CheckCurrencyTest" time="0.021"/>
  <testcase classname="AlMosaferAutomationTesting.AlMosaferAutomationTesting.AppTest" name="CheckContactNo" time="0.016"/>
  <testcase classname="AlMosaferAutomationTesting.AlMosaferAutomationTesting.AppTest" name="CheckQitafLogo" time="0.035"/>
  <testcase classname="AlMosaferAutomationTesting.AlMosaferAutomationTesting.AppTest" name="CheckHotelTabIsNotSelected" time="0.011"/>
  <testcase classname="AlMosaferAutomationTesting.AlMosaferAutomationTesting.AppTest" name="CheckFlightDepartureDate" time="0.020"/>
  <testcase classname="AlMosaferAutomationTesting.AlMosaferAutomationTesting.AppTest" name="CheckFlightReturnDate" time="0.012"/>
  <testcase classname="AlMosaferAutomationTesting.AlMosaferAutomationTesting.AppTest" name="ChangeLanguageRandomly" time="0.395"/>
  <testcase classname="AlMosaferAutomationTesting.AlMosaferAutomationTesting.AppTest" name="RandomlySelectCities" time="2.330"/>
  <testcase classname="AlMosaferAutomationTesting.AlMosaferAutomationTesting.AppTest" name="CheckTheResultsIsretrived" time="10.098"/>
  <testcase classname="AlMosaferAutomationTesting.AlMosaferAutomationTesting.AppTest" name="CheckLanguageTest">
    <skipped/>
  </testcase> <!-- CheckLanguageTest -->
</testsuite> <!-- AlMosaferAutomationTesting.AlMosaferAutomationTesting.AppTest -->
