<?xml version="1.0" encoding="UTF-8"?>
<!-- Generated by org.testng.reporters.JUnitReportReporter -->
<testsuite hostname="DESKTOP-5TN5CVM" failures="0" tests="4" name="AlMosaferAutomationTesting.AlMosaferAutomationTesting.AppTest" time="0.109" errors="0" timestamp="2025-05-01T12:50:41 EET" skipped="0">
  <testcase classname="AlMosaferAutomationTesting.AlMosaferAutomationTesting.AppTest" name="CheckLanguageTest" time="0.017"/>
  <testcase classname="AlMosaferAutomationTesting.AlMosaferAutomationTesting.AppTest" name="CheckCurrencyTest" time="0.028"/>
  <testcase classname="AlMosaferAutomationTesting.AlMosaferAutomationTesting.AppTest" name="CheckContactNo" time="0.025"/>
  <testcase classname="AlMosaferAutomationTesting.AlMosaferAutomationTesting.AppTest" name="CheckQitafLogo" time="0.039"/>
</testsuite> <!-- AlMosaferAutomationTesting.AlMosaferAutomationTesting.AppTest -->
