<?xml version="1.0" encoding="UTF-8"?>
<!-- Generated by org.testng.reporters.JUnitReportReporter -->
<testsuite hostname="DESKTOP-5TN5CVM" failures="0" tests="10" name="AlMosaferAutomationTesting.AlMosaferAutomationTesting.AppTest" time="49.294" errors="0" timestamp="2025-05-05T13:00:23 EET" skipped="1">
  <testcase classname="AlMosaferAutomationTesting.AlMosaferAutomationTesting.AppTest" name="CheckCurrencyTest" time="0.021"/>
  <testcase classname="AlMosaferAutomationTesting.AlMosaferAutomationTesting.AppTest" name="CheckContactNo" time="0.018"/>
  <testcase classname="AlMosaferAutomationTesting.AlMosaferAutomationTesting.AppTest" name="CheckQitafLogo" time="0.033"/>
  <testcase classname="AlMosaferAutomationTesting.AlMosaferAutomationTesting.AppTest" name="CheckHotelTabIsNotSelected" time="0.013"/>
  <testcase classname="AlMosaferAutomationTesting.AlMosaferAutomationTesting.AppTest" name="CheckFlightDepartureDate" time="0.014"/>
  <testcase classname="AlMosaferAutomationTesting.AlMosaferAutomationTesting.AppTest" name="CheckFlightReturnDate" time="0.011"/>
  <testcase classname="AlMosaferAutomationTesting.AlMosaferAutomationTesting.AppTest" name="ChangeLanguageRandomly" time="0.467"/>
  <testcase classname="AlMosaferAutomationTesting.AlMosaferAutomationTesting.AppTest" name="RandomlySelectCities" time="38.606"/>
  <testcase classname="AlMosaferAutomationTesting.AlMosaferAutomationTesting.AppTest" name="CheckTheResultsIsretrived" time="10.111"/>
  <testcase classname="AlMosaferAutomationTesting.AlMosaferAutomationTesting.AppTest" name="CheckLanguageTest">
    <skipped/>
  </testcase> <!-- CheckLanguageTest -->
</testsuite> <!-- AlMosaferAutomationTesting.AlMosaferAutomationTesting.AppTest -->
