<?xml version="1.0" encoding="UTF-8"?>
<!-- Generated by org.testng.reporters.JUnitReportReporter -->
<testsuite hostname="DESKTOP-5TN5CVM" failures="0" tests="4" name="AlMosaferAutomationTesting.AlMosaferAutomationTesting.AppTest" time="0.098" errors="0" timestamp="2025-05-01T12:51:21 EET" skipped="0">
  <testcase classname="AlMosaferAutomationTesting.AlMosaferAutomationTesting.AppTest" name="CheckLanguageTest" time="0.013"/>
  <testcase classname="AlMosaferAutomationTesting.AlMosaferAutomationTesting.AppTest" name="CheckCurrencyTest" time="0.035"/>
  <testcase classname="AlMosaferAutomationTesting.AlMosaferAutomationTesting.AppTest" name="CheckContactNo" time="0.016"/>
  <testcase classname="AlMosaferAutomationTesting.AlMosaferAutomationTesting.AppTest" name="CheckQitafLogo" time="0.034"/>
</testsuite> <!-- AlMosaferAutomationTesting.AlMosaferAutomationTesting.AppTest -->
